<?xml version="1.0" encoding="UTF-8"?>
<!-- Generated by org.testng.reporters.JUnitReportReporter -->
<testsuite skipped="0" hostname="mom-PC" name="testCases.SignInToApp" tests="1" failures="0" timestamp="23 Apr 2018 03:10:25 GMT" time="28.744" errors="0">
  <testcase name="signintoapp" time="28.744" classname="testCases.SignInToApp"/>
</testsuite> <!-- testCases.SignInToApp -->
