<?xml version="1.0" encoding="UTF-8"?>
<!-- Generated by org.testng.reporters.JUnitReportReporter -->
<testsuite skipped="0" hostname="mom-PC" name="pageObject.SingIn" tests="1" failures="0" timestamp="23 Apr 2018 03:01:10 GMT" time="0.060" errors="0">
  <testcase name="SignInToApp" time="0.060" classname="pageObject.SingIn"/>
</testsuite> <!-- pageObject.SingIn -->
