<?xml version="1.0" encoding="UTF-8"?>
<!-- Generated by org.testng.reporters.JUnitReportReporter -->
<testsuite skipped="0" hostname="mom-PC" name="testscripts.TC002_CreateAccount" tests="1" failures="0" timestamp="06 May 2018 09:28:14 GMT" time="9.197" errors="0">
  <testcase name="CreateAccount" time="9.197" classname="testscripts.TC002_CreateAccount"/>
</testsuite> <!-- testscripts.TC002_CreateAccount -->
